<?xml version="1.0" encoding="UTF-8"?>
<!-- Generated by org.testng.reporters.JUnitXMLReporter -->
<testsuite hostname="ML02W7U" name="GlobalMenuNavigation Tests - IE" tests="14" failures="1" timestamp="17 Jun 2013 15:41:10 GMT" time="64.519" errors="0">
  <testcase name="@AfterMethod checkVP" time="0.0" classname="argos.saleslogix.selenium.test.GlobalMenuNavigationTests">
    <failure type="org.openqa.selenium.NoSuchWindowException" message="Unable to get browser (WARNING: The server did not provide any stacktrace information)
Command duration or timeout: 16 milliseconds
Build info: version: &amp;apos;2.31.0&amp;apos;, revision: &amp;apos;1bd294d&amp;apos;, time: &amp;apos;2013-02-27 20:52:59&amp;apos;
System info: os.name: &amp;apos;Windows 7&amp;apos;, os.arch: &amp;apos;x86&amp;apos;, os.version: &amp;apos;6.1&amp;apos;, java.version: &amp;apos;1.7.0_17&amp;apos;
Session ID: cdafffa9-3ad0-4a75-8883-f9f946549b6c
Driver info: org.openqa.selenium.ie.InternetExplorerDriver
Capabilities [{platform=WINDOWS, elementScrollBehavior=0, javascriptEnabled=true, enablePersistentHover=true, ignoreZoomSetting=false, browserName=internet explorer, enableElementCacheCleanup=true, unexpectedAlertBehaviour=dismiss, version=10, cssSelectorsEnabled=true, ignoreProtectedModeSettings=false, allowAsynchronousJavaScript=true, requireWindowFocus=false, handlesAlerts=true, initialBrowserUrl=, nativeEvents=true, takesScreenshot=true}]">
      <![CDATA[org.openqa.selenium.NoSuchWindowException: Unable to get browser (WARNING: The server did not provide any stacktrace information)
Command duration or timeout: 16 milliseconds
Build info: version: '2.31.0', revision: '1bd294d', time: '2013-02-27 20:52:59'
System info: os.name: 'Windows 7', os.arch: 'x86', os.version: '6.1', java.version: '1.7.0_17'
Session ID: cdafffa9-3ad0-4a75-8883-f9f946549b6c
Driver info: org.openqa.selenium.ie.InternetExplorerDriver
Capabilities [{platform=WINDOWS, elementScrollBehavior=0, javascriptEnabled=true, enablePersistentHover=true, ignoreZoomSetting=false, browserName=internet explorer, enableElementCacheCleanup=true, unexpectedAlertBehaviour=dismiss, version=10, cssSelectorsEnabled=true, ignoreProtectedModeSettings=false, allowAsynchronousJavaScript=true, requireWindowFocus=false, handlesAlerts=true, initialBrowserUrl=, nativeEvents=true, takesScreenshot=true}]
	at sun.reflect.GeneratedConstructorAccessor20.newInstance(Unknown Source)
	at sun.reflect.DelegatingConstructorAccessorImpl.newInstance(Unknown Source)
	at java.lang.reflect.Constructor.newInstance(Unknown Source)
	at org.openqa.selenium.remote.ErrorHandler.createThrowable(ErrorHandler.java:187)
	at org.openqa.selenium.remote.ErrorHandler.throwIfResponseFailed(ErrorHandler.java:145)
	at org.openqa.selenium.remote.RemoteWebDriver.execute(RemoteWebDriver.java:554)
	at org.openqa.selenium.remote.RemoteWebDriver.execute(RemoteWebDriver.java:569)
	at org.openqa.selenium.ie.InternetExplorerDriver.getScreenshotAs(InternetExplorerDriver.java:88)
	at argos.saleslogix.selenium.test.BaseTest.checkVP(BrowserSetup.java:96)
	at sun.reflect.GeneratedMethodAccessor5.invoke(Unknown Source)
	at sun.reflect.DelegatingMethodAccessorImpl.invoke(Unknown Source)
	at java.lang.reflect.Method.invoke(Unknown Source)
	at org.testng.internal.MethodInvocationHelper.invokeMethod(MethodInvocationHelper.java:84)
	at org.testng.internal.Invoker.invokeConfigurationMethod(Invoker.java:564)
	at org.testng.internal.Invoker.invokeConfigurations(Invoker.java:213)
	at org.testng.internal.Invoker.invokeMethod(Invoker.java:786)
	at org.testng.internal.Invoker.invokeTestMethod(Invoker.java:901)
	at org.testng.internal.Invoker.invokeTestMethods(Invoker.java:1231)
	at org.testng.internal.TestMethodWorker.invokeTestMethods(TestMethodWorker.java:127)
	at org.testng.internal.TestMethodWorker.run(TestMethodWorker.java:111)
	at java.util.concurrent.ThreadPoolExecutor.runWorker(Unknown Source)
	at java.util.concurrent.ThreadPoolExecutor$Worker.run(Unknown Source)
	at java.lang.Thread.run(Unknown Source)
]]>
    </failure>
  </testcase> <!-- @AfterMethod checkVP -->
  <testcase name="@AfterMethod checkVP" time="0.0" classname="argos.saleslogix.selenium.test.GlobalMenuNavigationTests">
    <skipped/>
  </testcase> <!-- @AfterMethod checkVP -->
  <testcase name="@AfterMethod checkVP" time="0.0" classname="argos.saleslogix.selenium.test.GlobalMenuNavigationTests">
    <skipped/>
  </testcase> <!-- @AfterMethod checkVP -->
  <testcase name="@AfterMethod checkVP" time="0.0" classname="argos.saleslogix.selenium.test.GlobalMenuNavigationTests">
    <skipped/>
  </testcase> <!-- @AfterMethod checkVP -->
  <testcase name="@AfterMethod checkVP" time="0.0" classname="argos.saleslogix.selenium.test.GlobalMenuNavigationTests">
    <skipped/>
  </testcase> <!-- @AfterMethod checkVP -->
  <testcase name="@AfterMethod checkVP" time="0.0" classname="argos.saleslogix.selenium.test.GlobalMenuNavigationTests">
    <skipped/>
  </testcase> <!-- @AfterMethod checkVP -->
  <testcase name="@AfterMethod checkVP" time="0.0" classname="argos.saleslogix.selenium.test.GlobalMenuNavigationTests">
    <skipped/>
  </testcase> <!-- @AfterMethod checkVP -->
  <testcase name="@AfterMethod checkVP" time="0.0" classname="argos.saleslogix.selenium.test.GlobalMenuNavigationTests">
    <skipped/>
  </testcase> <!-- @AfterMethod checkVP -->
  <testcase name="@AfterMethod checkVP" time="0.0" classname="argos.saleslogix.selenium.test.GlobalMenuNavigationTests">
    <skipped/>
  </testcase> <!-- @AfterMethod checkVP -->
  <testcase name="@AfterMethod checkVP" time="0.0" classname="argos.saleslogix.selenium.test.GlobalMenuNavigationTests">
    <skipped/>
  </testcase> <!-- @AfterMethod checkVP -->
  <testcase name="@AfterMethod checkVP" time="0.0" classname="argos.saleslogix.selenium.test.GlobalMenuNavigationTests">
    <skipped/>
  </testcase> <!-- @AfterMethod checkVP -->
  <testcase name="@AfterMethod checkVP" time="0.0" classname="argos.saleslogix.selenium.test.GlobalMenuNavigationTests">
    <skipped/>
  </testcase> <!-- @AfterMethod checkVP -->
  <testcase name="@AfterMethod checkVP" time="0.0" classname="argos.saleslogix.selenium.test.GlobalMenuNavigationTests">
    <skipped/>
  </testcase> <!-- @AfterMethod checkVP -->
  <testcase name="@AfterMethod checkVP" time="0.0" classname="argos.saleslogix.selenium.test.GlobalMenuNavigationTests">
    <skipped/>
  </testcase> <!-- @AfterMethod checkVP -->
  <testcase name="@AfterClass closeBrowser" time="0.0" classname="argos.saleslogix.selenium.test.GlobalMenuNavigationTests">
    <skipped/>
  </testcase> <!-- @AfterClass closeBrowser -->
  <testcase name="test00_Mobile_Login" time="60.907" classname="argos.saleslogix.selenium.test.GlobalMenuNavigationTests">
    <failure type="java.lang.AssertionError" message="timeout">
      <![CDATA[java.lang.AssertionError: timeout
	at org.testng.AssertJUnit.fail(AssertJUnit.java:59)
	at argos.saleslogix.selenium.test.GlobalMenuNavigationTests.test00_Mobile_Login(GlobalMenuNavigationTests.java:37)
	at sun.reflect.NativeMethodAccessorImpl.invoke0(Native Method)
	at sun.reflect.NativeMethodAccessorImpl.invoke(Unknown Source)
	at sun.reflect.DelegatingMethodAccessorImpl.invoke(Unknown Source)
	at java.lang.reflect.Method.invoke(Unknown Source)
	at org.testng.internal.MethodInvocationHelper.invokeMethod(MethodInvocationHelper.java:84)
	at org.testng.internal.Invoker.invokeMethod(Invoker.java:714)
	at org.testng.internal.Invoker.invokeTestMethod(Invoker.java:901)
	at org.testng.internal.Invoker.invokeTestMethods(Invoker.java:1231)
	at org.testng.internal.TestMethodWorker.invokeTestMethods(TestMethodWorker.java:127)
	at org.testng.internal.TestMethodWorker.run(TestMethodWorker.java:111)
	at java.util.concurrent.ThreadPoolExecutor.runWorker(Unknown Source)
	at java.util.concurrent.ThreadPoolExecutor$Worker.run(Unknown Source)
	at java.lang.Thread.run(Unknown Source)
]]>
    </failure>
  </testcase> <!-- test00_Mobile_Login -->
  <testcase name="test03_SeTestTCGlobalMenuDoSpeedSearch" time="0.0" classname="argos.saleslogix.selenium.test.GlobalMenuNavigationTests">
    <skipped/>
  </testcase> <!-- test03_SeTestTCGlobalMenuDoSpeedSearch -->
  <testcase name="test04_SeTestTCGlobalMenuEditAccount" time="0.0" classname="argos.saleslogix.selenium.test.GlobalMenuNavigationTests">
    <skipped/>
  </testcase> <!-- test04_SeTestTCGlobalMenuEditAccount -->
  <testcase name="test05_SeTestTCGlobalMenuEditActivity" time="0.0" classname="argos.saleslogix.selenium.test.GlobalMenuNavigationTests">
    <skipped/>
  </testcase> <!-- test05_SeTestTCGlobalMenuEditActivity -->
  <testcase name="test06_SeTestTCGlobalMenuEditContact" time="0.0" classname="argos.saleslogix.selenium.test.GlobalMenuNavigationTests">
    <skipped/>
  </testcase> <!-- test06_SeTestTCGlobalMenuEditContact -->
  <testcase name="test07_SeTestTCGlobalMenuEditLead" time="0.0" classname="argos.saleslogix.selenium.test.GlobalMenuNavigationTests">
    <skipped/>
  </testcase> <!-- test07_SeTestTCGlobalMenuEditLead -->
  <testcase name="test08_SeTestTCGlobalMenuEditNote" time="0.0" classname="argos.saleslogix.selenium.test.GlobalMenuNavigationTests">
    <skipped/>
  </testcase> <!-- test08_SeTestTCGlobalMenuEditNote -->
  <testcase name="test10_SeTestTCGlobalMenuEditOpportunityScreens" time="0.0" classname="argos.saleslogix.selenium.test.GlobalMenuNavigationTests">
    <skipped/>
  </testcase> <!-- test10_SeTestTCGlobalMenuEditOpportunityScreens -->
  <testcase name="test11_SeTestTCGlobalMenuEditOppProductScreens" time="0.0" classname="argos.saleslogix.selenium.test.GlobalMenuNavigationTests">
    <skipped/>
  </testcase> <!-- test11_SeTestTCGlobalMenuEditOppProductScreens -->
  <testcase name="test12_SeTestTCGlobalMenuEditOppTicketScreens" time="0.0" classname="argos.saleslogix.selenium.test.GlobalMenuNavigationTests">
    <skipped/>
  </testcase> <!-- test12_SeTestTCGlobalMenuEditOppTicketScreens -->
  <testcase name="test13_SeTestTCGlobalMenuEditTicketActivitiesScreens" time="0.0" classname="argos.saleslogix.selenium.test.GlobalMenuNavigationTests">
    <skipped/>
  </testcase> <!-- test13_SeTestTCGlobalMenuEditTicketActivitiesScreens -->
  <testcase name="test14_SeTestTCGlobalMenuItemCheck" time="0.0" classname="argos.saleslogix.selenium.test.GlobalMenuNavigationTests">
    <skipped/>
  </testcase> <!-- test14_SeTestTCGlobalMenuItemCheck -->
  <testcase name="test15_SeTestTCGlobalMenuSearchAttachments" time="0.0" classname="argos.saleslogix.selenium.test.GlobalMenuNavigationTests">
    <skipped/>
  </testcase> <!-- test15_SeTestTCGlobalMenuSearchAttachments -->
  <testcase name="test99_Mobile_LogOut" time="0.0" classname="argos.saleslogix.selenium.test.GlobalMenuNavigationTests">
    <skipped/>
  </testcase> <!-- test99_Mobile_LogOut -->
</testsuite> <!-- GlobalMenuNavigation Tests - IE -->
