<?xml version="1.0" encoding="UTF-8"?>
<!-- Generated by org.testng.reporters.JUnitXMLReporter -->
<testsuite hostname="ML02W7U" name="GlobalMenuNavigation Tests - Chrome" tests="14" failures="0" timestamp="17 Jun 2013 15:40:05 GMT" time="242.25" errors="0">
  <testcase name="test00_Mobile_Login" time="20.053" classname="argos.saleslogix.selenium.test.GlobalMenuNavigationTests"/>
  <testcase name="test03_SeTestTCGlobalMenuDoSpeedSearch" time="7.161" classname="argos.saleslogix.selenium.test.GlobalMenuNavigationTests"/>
  <testcase name="test04_SeTestTCGlobalMenuEditAccount" time="16.216" classname="argos.saleslogix.selenium.test.GlobalMenuNavigationTests"/>
  <testcase name="test05_SeTestTCGlobalMenuEditActivity" time="36.179" classname="argos.saleslogix.selenium.test.GlobalMenuNavigationTests"/>
  <testcase name="test06_SeTestTCGlobalMenuEditContact" time="13.925" classname="argos.saleslogix.selenium.test.GlobalMenuNavigationTests"/>
  <testcase name="test07_SeTestTCGlobalMenuEditLead" time="16.736" classname="argos.saleslogix.selenium.test.GlobalMenuNavigationTests"/>
  <testcase name="test08_SeTestTCGlobalMenuEditNote" time="12.831" classname="argos.saleslogix.selenium.test.GlobalMenuNavigationTests"/>
  <testcase name="test10_SeTestTCGlobalMenuEditOpportunityScreens" time="27.639" classname="argos.saleslogix.selenium.test.GlobalMenuNavigationTests"/>
  <testcase name="test11_SeTestTCGlobalMenuEditOppProductScreens" time="15.308" classname="argos.saleslogix.selenium.test.GlobalMenuNavigationTests"/>
  <testcase name="test12_SeTestTCGlobalMenuEditOppTicketScreens" time="32.519" classname="argos.saleslogix.selenium.test.GlobalMenuNavigationTests"/>
  <testcase name="test13_SeTestTCGlobalMenuEditTicketActivitiesScreens" time="17.068" classname="argos.saleslogix.selenium.test.GlobalMenuNavigationTests"/>
  <testcase name="test14_SeTestTCGlobalMenuItemCheck" time="2.573" classname="argos.saleslogix.selenium.test.GlobalMenuNavigationTests"/>
  <testcase name="test15_SeTestTCGlobalMenuSearchAttachments" time="2.946" classname="argos.saleslogix.selenium.test.GlobalMenuNavigationTests"/>
  <testcase name="test99_Mobile_LogOut" time="9.613" classname="argos.saleslogix.selenium.test.GlobalMenuNavigationTests"/>
</testsuite> <!-- GlobalMenuNavigation Tests - Chrome -->
