<?xml version="1.0" encoding="UTF-8"?>
<!-- Generated by org.testng.reporters.JUnitXMLReporter -->
<testsuite hostname="ML02W7U" name="Navigation Smoke Test - Firefox 17" tests="3" failures="0" timestamp="22 May 2013 15:31:30 GMT" time="195.744" errors="0">
  <testcase name="test01_Mobile_Login" time="13.728" classname="smokeTests.SmokeTest_Navigation"/>
  <testcase name="test02_testSeTestTCSpeedSearchGeneral" time="156.629" classname="smokeTests.SmokeTest_Navigation"/>
  <testcase name="test03_Mobile_LogOff" time="13.24" classname="smokeTests.SmokeTest_Navigation"/>
</testsuite> <!-- Navigation Smoke Test - Firefox 17 -->
