<?xml version="1.0" encoding="UTF-8"?>
<!-- Generated by org.testng.reporters.JUnitXMLReporter -->
<testsuite hostname="ML02W7U" name="Functional Test - Firefox 17" tests="3" failures="0" timestamp="28 May 2013 03:09:00 GMT" time="50.569" errors="0">
  <testcase name="test00_Mobile_Login" time="13.881" classname="functionalTests.AttachmentTests"/>
  <testcase name="test07_SeTestTCAttachTicketScreens" time="11.084" classname="functionalTests.AttachmentTests"/>
  <testcase name="test50_Mobile_LogOut" time="12.946" classname="functionalTests.AttachmentTests"/>
</testsuite> <!-- Functional Test - Firefox 17 -->
