<?xml version="1.0" encoding="UTF-8"?>
<!-- Generated by org.testng.reporters.JUnitXMLReporter -->
<testsuite hostname="ML02W7U" name="Global Menu Navigation Test - Firefox 17" tests="3" failures="0" timestamp="30 May 2013 22:47:25 GMT" time="40.219" errors="0">
  <testcase name="test00_Mobile_Login" time="15.58" classname="functionalTests.GlobalMenuNavigationTests"/>
  <testcase name="test13_SeTestTCGlobalMenuItemCheckjava" time="1.954" classname="functionalTests.GlobalMenuNavigationTests"/>
  <testcase name="test99_Mobile_LogOut" time="12.885" classname="functionalTests.GlobalMenuNavigationTests"/>
</testsuite> <!-- Global Menu Navigation Test - Firefox 17 -->
