<?xml version="1.0" encoding="UTF-8"?>
<!-- Generated by org.testng.reporters.JUnitXMLReporter -->
<testsuite hostname="ML02W7U" name="My Activities Tests - Firefox 17" tests="4" failures="0" timestamp="30 May 2013 21:57:44 GMT" time="152.979" errors="0">
  <testcase name="test00_Mobile_Login" time="13.824" classname="functionalTests.MyActivitiesTests"/>
  <testcase name="test01_SeTestTCMyActivitiesAddNew" time="50.394" classname="functionalTests.MyActivitiesTests"/>
  <testcase name="test02_SeTestTCMyActivitiesComplete" time="64.287" classname="functionalTests.MyActivitiesTests"/>
  <testcase name="test99_Mobile_LogOut" time="13.661" classname="functionalTests.MyActivitiesTests"/>
</testsuite> <!-- My Activities Tests - Firefox 17 -->
