<?xml version="1.0" encoding="UTF-8"?>
<!-- Generated by org.testng.reporters.JUnitXMLReporter -->
<testsuite hostname="ML02W7U" name="Global Menu Navigation Test - Firefox 17" tests="3" failures="0" timestamp="30 May 2013 04:02:46 GMT" time="115.504" errors="0">
  <testcase name="test00_Mobile_Login" time="15.236" classname="functionalTests.GlobalMenuNavigationTests"/>
  <testcase name="test08_SeTestTCGlobalMenuEditNoteScreens" time="77.18" classname="functionalTests.GlobalMenuNavigationTests"/>
  <testcase name="test99_Mobile_LogOut" time="13.895" classname="functionalTests.GlobalMenuNavigationTests"/>
</testsuite> <!-- Global Menu Navigation Test - Firefox 17 -->
