<?xml version="1.0" encoding="UTF-8"?>
<!-- Generated by org.testng.reporters.JUnitXMLReporter -->
<testsuite hostname="ML02W7U" name="GlobalMenuNavigation Tests" tests="14" failures="0" timestamp="16 Jun 2013 16:10:01 GMT" time="240.842" errors="0">
  <testcase name="test00_Mobile_Login" time="20.034" classname="argos.saleslogix.selenium.test.GlobalMenuNavigationTestsX"/>
  <testcase name="test03_SeTestTCGlobalMenuDoSpeedSearch" time="7.613" classname="argos.saleslogix.selenium.test.GlobalMenuNavigationTestsX"/>
  <testcase name="test04_SeTestTCGlobalMenuEditAccount" time="16.55" classname="argos.saleslogix.selenium.test.GlobalMenuNavigationTestsX"/>
  <testcase name="test05_SeTestTCGlobalMenuEditActivity" time="36.944" classname="argos.saleslogix.selenium.test.GlobalMenuNavigationTestsX"/>
  <testcase name="test06_SeTestTCGlobalMenuEditContact" time="14.034" classname="argos.saleslogix.selenium.test.GlobalMenuNavigationTestsX"/>
  <testcase name="test07_SeTestTCGlobalMenuEditLead" time="17.002" classname="argos.saleslogix.selenium.test.GlobalMenuNavigationTestsX"/>
  <testcase name="test08_SeTestTCGlobalMenuEditNote" time="13.061" classname="argos.saleslogix.selenium.test.GlobalMenuNavigationTestsX"/>
  <testcase name="test10_SeTestTCGlobalMenuEditOpportunityScreens" time="28.135" classname="argos.saleslogix.selenium.test.GlobalMenuNavigationTestsX"/>
  <testcase name="test11_SeTestTCGlobalMenuEditOppProductScreens" time="15.45" classname="argos.saleslogix.selenium.test.GlobalMenuNavigationTestsX"/>
  <testcase name="test12_SeTestTCGlobalMenuEditOppTicketScreens" time="33.103" classname="argos.saleslogix.selenium.test.GlobalMenuNavigationTestsX"/>
  <testcase name="test13_SeTestTCGlobalMenuEditTicketActivitiesScreens" time="17.261" classname="argos.saleslogix.selenium.test.GlobalMenuNavigationTestsX"/>
  <testcase name="test14_SeTestTCGlobalMenuItemCheck" time="2.742" classname="argos.saleslogix.selenium.test.GlobalMenuNavigationTestsX"/>
  <testcase name="test15_SeTestTCGlobalMenuSearchAttachments" time="3.183" classname="argos.saleslogix.selenium.test.GlobalMenuNavigationTestsX"/>
  <testcase name="test99_Mobile_LogOut" time="9.594" classname="argos.saleslogix.selenium.test.GlobalMenuNavigationTestsX"/>
</testsuite> <!-- GlobalMenuNavigation Tests -->
