<?xml version="1.0" encoding="UTF-8"?>
<!-- Generated by org.testng.reporters.JUnitXMLReporter -->
<testsuite hostname="ML02W7U" name="GlobalMenuNavigation Tests" tests="17" failures="0" timestamp="18 Jun 2013 15:35:36 GMT" time="229.211" errors="0">
  <testcase name="test00_Mobile_Login" time="19.502" classname="argos.saleslogix.selenium.test.GlobalMenuNavigationTests"/>
  <testcase name="test01_SeTestTCGlobalMenuAddAccountContactScreens" time="16.495" classname="argos.saleslogix.selenium.test.GlobalMenuNavigationTests"/>
  <testcase name="test02_SeTestTCGlobalMenuCompleteActivityScreens" time="18.591" classname="argos.saleslogix.selenium.test.GlobalMenuNavigationTests"/>
  <testcase name="test03_SeTestTCGlobalMenuDoSpeedSearch" time="6.208" classname="argos.saleslogix.selenium.test.GlobalMenuNavigationTests"/>
  <testcase name="test04_SeTestTCGlobalMenuEditAccount" time="11.538" classname="argos.saleslogix.selenium.test.GlobalMenuNavigationTests"/>
  <testcase name="test05_SeTestTCGlobalMenuEditActivity" time="17.013" classname="argos.saleslogix.selenium.test.GlobalMenuNavigationTests"/>
  <testcase name="test06_SeTestTCGlobalMenuEditContact" time="9.928" classname="argos.saleslogix.selenium.test.GlobalMenuNavigationTests"/>
  <testcase name="test07_SeTestTCGlobalMenuEditLead" time="12.666" classname="argos.saleslogix.selenium.test.GlobalMenuNavigationTests"/>
  <testcase name="test08_SeTestTCGlobalMenuEditNote" time="8.772" classname="argos.saleslogix.selenium.test.GlobalMenuNavigationTests"/>
  <testcase name="test09_SeTestTCGlobalMenuEditOppContactScreens" time="14.962" classname="argos.saleslogix.selenium.test.GlobalMenuNavigationTests"/>
  <testcase name="test10_SeTestTCGlobalMenuEditOpportunityScreens" time="16.013" classname="argos.saleslogix.selenium.test.GlobalMenuNavigationTests"/>
  <testcase name="test11_SeTestTCGlobalMenuEditOppProductScreens" time="11.198" classname="argos.saleslogix.selenium.test.GlobalMenuNavigationTests"/>
  <testcase name="test12_SeTestTCGlobalMenuEditOppTicketScreens" time="19.61" classname="argos.saleslogix.selenium.test.GlobalMenuNavigationTests"/>
  <testcase name="test13_SeTestTCGlobalMenuEditTicketActivitiesScreens" time="11.726" classname="argos.saleslogix.selenium.test.GlobalMenuNavigationTests"/>
  <testcase name="test14_SeTestTCGlobalMenuItemCheck" time="4.379" classname="argos.saleslogix.selenium.test.GlobalMenuNavigationTests"/>
  <testcase name="test15_SeTestTCGlobalMenuSearchAttachments" time="6.897" classname="argos.saleslogix.selenium.test.GlobalMenuNavigationTests"/>
  <testcase name="test99_Mobile_LogOut" time="11.821" classname="argos.saleslogix.selenium.test.GlobalMenuNavigationTests"/>
</testsuite> <!-- GlobalMenuNavigation Tests -->
